Build started 14.03.2018 5:31:41.
     1>Project "C:\Users\IL\Desktop\WP\Диплом\SOM\SOM\SOM.vcxproj" on node 2 (Build target(s)).
     1>ClCompile:
         C:\Program Files (x86)\Microsoft Visual Studio 14.0\VC\bin\CL.exe /c /ZI /nologo /W3 /WX- /sdl /Od /Oy- /D _MBCS /Gm /EHsc /RTC1 /MDd /GS /fp:precise /Zc:wchar_t /Zc:forScope /Zc:inline /Fo"Debug\\" /Fd"Debug\vc140.pdb" /Gd /TP /analyze- /errorReport:prompt som.cpp
         som.cpp
     1>c:\users\il\desktop\wp\диплом\som\som\som.h(19): warning C4018: '<': signed/unsigned mismatch
     1>c:\users\il\desktop\wp\диплом\som\som\som.h(24): warning C4018: '<': signed/unsigned mismatch
     1>c:\users\il\desktop\wp\диплом\som\som\som.h(36): warning C4018: '<': signed/unsigned mismatch
     1>c:\users\il\desktop\wp\диплом\som\som\som.cpp(6): warning C4018: '<': signed/unsigned mismatch
     1>c:\users\il\desktop\wp\диплом\som\som\som.cpp(14): warning C4018: '<': signed/unsigned mismatch
     1>c:\users\il\desktop\wp\диплом\som\som\som.cpp(17): warning C4018: '<': signed/unsigned mismatch
     1>c:\users\il\desktop\wp\диплом\som\som\som.cpp(34): warning C4018: '<': signed/unsigned mismatch
     1>c:\users\il\desktop\wp\диплом\som\som\som.cpp(51): warning C4018: '<': signed/unsigned mismatch
     1>c:\users\il\desktop\wp\диплом\som\som\som.cpp(57): warning C4018: '<': signed/unsigned mismatch
     1>c:\users\il\desktop\wp\диплом\som\som\som.cpp(75): warning C4018: '<': signed/unsigned mismatch
     1>c:\users\il\desktop\wp\диплом\som\som\som.cpp(79): warning C4018: '<': signed/unsigned mismatch
     1>c:\users\il\desktop\wp\диплом\som\som\som.cpp(83): warning C4018: '<': signed/unsigned mismatch
       Link:
         C:\Program Files (x86)\Microsoft Visual Studio 14.0\VC\bin\link.exe /ERRORREPORT:PROMPT /OUT:"C:\Users\IL\Desktop\WP\Диплом\SOM\Debug\SOM.exe" /INCREMENTAL /NOLOGO kernel32.lib user32.lib gdi32.lib winspool.lib comdlg32.lib advapi32.lib shell32.lib ole32.lib oleaut32.lib uuid.lib odbc32.lib odbccp32.lib /MANIFEST /MANIFESTUAC:"level='asInvoker' uiAccess='false'" /manifest:embed /Debug /PDB:"C:\Users\IL\Desktop\WP\Диплом\SOM\Debug\SOM.pdb" /TLBID:1 /DYNAMICBASE /NXCOMPAT /IMPLIB:"C:\Users\IL\Desktop\WP\Диплом\SOM\Debug\SOM.lib" /MACHINE:X86 Debug\cluster_elem.obj
         Debug\main.obj
         Debug\som.obj
         SOM.vcxproj -> C:\Users\IL\Desktop\WP\Диплом\SOM\Debug\SOM.exe
     1>Done Building Project "C:\Users\IL\Desktop\WP\Диплом\SOM\SOM\SOM.vcxproj" (Build target(s)).

Build succeeded.

Time Elapsed 00:00:00.84
